2019-01-11 10:54:19 [com.mchange.v2.c3p0.cfg.C3P0Config]-[WARN] Unknown c3p0-config property: MaxStatementsPerConnection
 2019-01-11 10:54:44 [com.mchange.v2.c3p0.cfg.C3P0Config]-[WARN] Unknown c3p0-config property: MaxStatementsPerConnection
 2019-01-11 10:55:27 [com.mchange.v2.c3p0.cfg.C3P0Config]-[WARN] Unknown c3p0-config property: MaxStatementsPerConnection
 2019-01-11 11:06:01 [com.mchange.v2.c3p0.cfg.C3P0Config]-[WARN] Unknown c3p0-config property: MaxStatementsPerConnection
 2019-01-11 11:07:01 [com.mchange.v2.c3p0.cfg.C3P0Config]-[WARN] Unknown c3p0-config property: MaxStatementsPerConnection
 2019-01-11 11:07:23 [com.mchange.v2.c3p0.cfg.C3P0Config]-[WARN] Unknown c3p0-config property: MaxStatementsPerConnection
 2019-01-11 11:07:33 [com.mchange.v2.c3p0.cfg.C3P0Config]-[WARN] Unknown c3p0-config property: MaxStatementsPerConnection
 2019-01-11 11:21:59 [com.mchange.v2.c3p0.cfg.C3P0Config]-[WARN] Unknown c3p0-config property: MaxStatementsPerConnection
 2019-01-11 11:31:50 [com.mchange.v2.c3p0.cfg.C3P0Config]-[WARN] Unknown c3p0-config property: MaxStatementsPerConnection
 2019-01-11 11:31:51 [com.heso.service.order.consume.ConsumeOrder]-[ERROR] 101300
 2019-01-11 11:33:39 [com.mchange.v2.c3p0.cfg.C3P0Config]-[WARN] Unknown c3p0-config property: MaxStatementsPerConnection
 2019-01-11 12:13:39 [com.mchange.v2.c3p0.cfg.C3P0Config]-[WARN] Unknown c3p0-config property: MaxStatementsPerConnection
 2019-01-11 12:13:40 [com.heso.service.cart.CartService]-[ERROR] null
 2019-01-11 12:14:19 [com.mchange.v2.c3p0.cfg.C3P0Config]-[WARN] Unknown c3p0-config property: MaxStatementsPerConnection
 2019-01-11 12:21:09 [com.mchange.v2.c3p0.cfg.C3P0Config]-[WARN] Unknown c3p0-config property: MaxStatementsPerConnection
 2019-01-11 12:33:34 [com.mchange.v2.c3p0.cfg.C3P0Config]-[WARN] Unknown c3p0-config property: MaxStatementsPerConnection
 2019-01-11 12:33:35 [com.heso.service.cart.CartService]-[ERROR] 101130
 2019-01-11 14:32:07 [com.mchange.v2.c3p0.cfg.C3P0Config]-[WARN] Unknown c3p0-config property: MaxStatementsPerConnection
 2019-01-11 14:33:23 [com.mchange.v2.c3p0.cfg.C3P0Config]-[WARN] Unknown c3p0-config property: MaxStatementsPerConnection
 2019-01-11 15:05:26 [com.mchange.v2.c3p0.cfg.C3P0Config]-[WARN] Unknown c3p0-config property: MaxStatementsPerConnection
 2019-01-11 15:05:50 [com.mchange.v2.c3p0.cfg.C3P0Config]-[WARN] Unknown c3p0-config property: MaxStatementsPerConnection
 2019-01-11 15:05:51 [com.heso.service.order.consume.ConsumeOrder]-[ERROR] Index: 0, Size: 0
 2019-01-11 15:05:51 [com.heso.service.cart.CartService]-[ERROR] null
 2019-01-11 15:06:57 [com.mchange.v2.c3p0.cfg.C3P0Config]-[WARN] Unknown c3p0-config property: MaxStatementsPerConnection
 2019-01-11 15:14:56 [com.mchange.v2.c3p0.cfg.C3P0Config]-[WARN] Unknown c3p0-config property: MaxStatementsPerConnection
 2019-01-11 15:18:54 [com.heso.service.cart.CartService]-[ERROR] No operations allowed after connection closed.
 2019-01-11 15:19:00 [com.mchange.v2.c3p0.cfg.C3P0Config]-[WARN] Unknown c3p0-config property: MaxStatementsPerConnection
 2019-01-11 15:19:37 [com.heso.service.cart.CartService]-[ERROR] No operations allowed after connection closed.
 2019-01-11 15:20:45 [com.mchange.v2.c3p0.cfg.C3P0Config]-[WARN] Unknown c3p0-config property: MaxStatementsPerConnection
 2019-01-11 15:20:58 [com.heso.service.order.consume.ConsumeOrder]-[ERROR] Index: 0, Size: 0
 2019-01-11 15:20:58 [com.heso.service.cart.CartService]-[ERROR] null
 2019-01-11 15:23:01 [com.mchange.v2.c3p0.cfg.C3P0Config]-[WARN] Unknown c3p0-config property: MaxStatementsPerConnection
 2019-01-11 15:23:40 [com.mchange.v2.c3p0.cfg.C3P0Config]-[WARN] Unknown c3p0-config property: MaxStatementsPerConnection
 2019-01-11 15:23:42 [com.heso.service.order.consume.ConsumeOrder]-[ERROR] Index: 0, Size: 0
 2019-01-11 15:23:42 [com.heso.service.cart.CartService]-[ERROR] null
 2019-01-11 15:24:08 [com.mchange.v2.c3p0.cfg.C3P0Config]-[WARN] Unknown c3p0-config property: MaxStatementsPerConnection
 2019-01-11 15:25:02 [com.mchange.v2.c3p0.cfg.C3P0Config]-[WARN] Unknown c3p0-config property: MaxStatementsPerConnection
 2019-01-11 15:27:41 [com.mchange.v2.c3p0.cfg.C3P0Config]-[WARN] Unknown c3p0-config property: MaxStatementsPerConnection
 2019-01-11 15:34:04 [com.mchange.v2.c3p0.cfg.C3P0Config]-[WARN] Unknown c3p0-config property: MaxStatementsPerConnection
 2019-01-11 15:46:37 [com.mchange.v2.c3p0.cfg.C3P0Config]-[WARN] Unknown c3p0-config property: MaxStatementsPerConnection
 2019-01-11 15:50:41 [com.mchange.v2.c3p0.cfg.C3P0Config]-[WARN] Unknown c3p0-config property: MaxStatementsPerConnection
 2019-01-11 15:50:50 [com.heso.service.order.consume.ConsumeOrder]-[ERROR] Parameter index out of range (2 > number of parameters, which is 1).
 2019-01-11 15:53:37 [com.mchange.v2.c3p0.cfg.C3P0Config]-[WARN] Unknown c3p0-config property: MaxStatementsPerConnection
 2019-01-11 15:57:27 [com.mchange.v2.c3p0.cfg.C3P0Config]-[WARN] Unknown c3p0-config property: MaxStatementsPerConnection
 2019-01-11 16:06:59 [com.mchange.v2.c3p0.cfg.C3P0Config]-[WARN] Unknown c3p0-config property: MaxStatementsPerConnection
 